Arguments: 
  C:\Program Files\nodejs\node.exe C:\Program Files (x86)\Yarn\bin\yarn.js install

PATH: 
  C:\Program Files (x86)\Notepad++\plugins\database;C:\Program Files (x86)\Notepad++\plugins\PHP\ext;C:\Program Files (x86)\Notepad++\plugins\PHP;C:\oraclexe\app\oracle\product\10.2.0\server\bin;C:\Windows\system32;C:\Windows;C:\Windows\System32\Wbem;C:\Windows\System32\WindowsPowerShell\v1.0\;C:\Windows\System32\OpenSSH\;C:\Program Files\Java\jdk-12.0.1\bin;C:\Program Files (x86)\NVIDIA Corporation\PhysX\Common;C:\Program Files\nodejs\;C:\WINDOWS\system32;C:\WINDOWS;C:\WINDOWS\System32\Wbem;C:\WINDOWS\System32\WindowsPowerShell\v1.0\;C:\WINDOWS\System32\OpenSSH\;C:\Program Files\NVIDIA Corporation\NVIDIA NvDLISR;C:\Program Files\Git\cmd;;C:\Program Files\PuTTY\;C:\Program Files (x86)\Yarn\bin\;C:\Program Files\MySQL\MySQL Shell 8.0\bin\;C:\Users\adnan\AppData\Local\Microsoft\WindowsApps;C:\Program Files\JetBrains\IntelliJ IDEA Community Edition 2020.1.3\bin;;C:\Users\adnan\AppData\Local\Programs\Microsoft VS Code\bin;C:\Users\adnan\AppData\Roaming\npm;C:\Users\adnan\AppData\Local\GitHubDesktop\bin;C:\Users\adnan\AppData\Local\Yarn\bin

Yarn version: 
  1.22.5

Node version: 
  14.15.1

Platform: 
  win32 x64

Trace: 
  Error: getaddrinfo EAI_AGAIN registry.yarnpkg.com
      at GetAddrInfoReqWrap.onlookup [as oncomplete] (dns.js:67:26)

npm manifest: 
  {
    "name": "@dpatterna/typescript",
    "version": "1.0.0",
    "description": "degin pattern exercises in Typescript.",
    "author": "mmncit",
    "private": true,
    "repository": {
      "type": "git",
      "url": "https://github.com/mmncit/dpatterna"
    },
    "devDependencies": {
      "@types/crypto-js": "^4.0.2",
      "@types/jest": "^24.0.18",
      "@types/node": "^12.7.12",
      "@types/ramda": "^0.26.41",
      "@typescript-eslint/eslint-plugin": "^2.3.3",
      "@typescript-eslint/parser": "^2.3.3",
      "eslint": "^6.5.1",
      "eslint-plugin-import": "^2.18.2",
      "typescript": "^3.8.0",
      "@types/page": "^1.8.0",
      "css-loader": "^3.6.0",
      "jest": "^26.1.0",
      "mini-css-extract-plugin": "^0.9.0",
      "prettier": "^2.0.5",
      "prettier-plugin-svelte": "^1.1.0",
      "raw-loader": "^4.0.1",
      "style-loader": "^1.2.1",
      "svelte-loader": "^2.13.6",
      "ts-jest": "^26.1.1",
      "ts-loader": "^7.0.5",
      "tsconfig-paths-webpack-plugin": "^3.2.0",
      "tslib": "^2.0.0",
      "webpack": "^4.43.0",
      "webpack-cli": "^3.3.12",
      "webpack-dev-server": "^3.11.0",
      "@types/three": "0.128.0"
    },
    "scripts": {
      "test": "jest --coverage --config jest.config.js --silent",
      "lint": "yarn lint:types && yarn lint:ci",
      "lint:types": "yarn tsc --noEmit -p .",
      "lint:ci": "eslint . --ext .tsx,.ts",
      "test:dev": "jest --config jest.config.js",
      "build": "webpack --mode=production",
      "dev": "webpack --watch --mode=development",
      "start": "webpack-dev-server --config webpack.config.js --history-api-fallback --content-base public"
    },
    "dependencies": {
      "crypto-js": "^4.0.0",
      "ramda": "^0.27.0",
      "svelte": "^3.38.3",
      "page": "^1.11.6",
      "three": "0.128.0"
    }
  }

yarn manifest: 
  No manifest

Lockfile: 
  No lockfile
